[1.103s] DEBUG:colcon:Command line arguments: ['/usr/bin/colcon', 'build', '--packages-select', 'pose_landmarks_pkg', '--symlink-install']
[1.103s] DEBUG:colcon:Parsed command line arguments: Namespace(log_base=None, log_level=None, verb_name='build', build_base='build', install_base='install', merge_install=False, symlink_install=True, test_result_base=None, continue_on_error=False, executor='parallel', parallel_workers=12, event_handlers=None, ignore_user_meta=False, metas=['./colcon.meta'], base_paths=['.'], packages_ignore=None, packages_ignore_regex=None, paths=None, packages_up_to=None, packages_up_to_regex=None, packages_above=None, packages_above_and_dependencies=None, packages_above_depth=None, packages_select_by_dep=None, packages_skip_by_dep=None, packages_skip_up_to=None, packages_select_build_failed=False, packages_skip_build_finished=False, packages_select_test_failures=False, packages_skip_test_passed=False, packages_select=['pose_landmarks_pkg'], packages_skip=None, packages_select_regex=None, packages_skip_regex=None, packages_start=None, packages_end=None, allow_overriding=[], cmake_args=None, cmake_target=None, cmake_target_skip_unavailable=False, cmake_clean_cache=False, cmake_clean_first=False, cmake_force_configure=False, ament_cmake_args=None, catkin_cmake_args=None, catkin_skip_building_tests=False, verb_parser=<colcon_defaults.argument_parser.defaults.DefaultArgumentsDecorator object at 0x75df56a34490>, verb_extension=<colcon_core.verb.build.BuildVerb object at 0x75df56a2b8b0>, main=<bound method BuildVerb.main of <colcon_core.verb.build.BuildVerb object at 0x75df56a2b8b0>>)
[1.163s] Level 1:colcon.colcon_core.package_discovery:discover_packages(colcon_meta) check parameters
[1.163s] Level 1:colcon.colcon_core.package_discovery:discover_packages(recursive) check parameters
[1.163s] Level 1:colcon.colcon_core.package_discovery:discover_packages(ignore) check parameters
[1.163s] Level 1:colcon.colcon_core.package_discovery:discover_packages(path) check parameters
[1.163s] Level 1:colcon.colcon_core.package_discovery:discover_packages(colcon_meta) discover
[1.163s] Level 1:colcon.colcon_core.package_discovery:discover_packages(recursive) discover
[1.163s] INFO:colcon.colcon_core.package_discovery:Crawling recursively for packages in '/home/marta/Documents/4º/practicas/ros2_ws'
[1.163s] Level 1:colcon.colcon_core.package_identification:_identify(.) by extensions ['ignore', 'ignore_ament_install']
[1.164s] Level 1:colcon.colcon_core.package_identification:_identify(.) by extension 'ignore'
[1.164s] Level 1:colcon.colcon_core.package_identification:_identify(.) by extension 'ignore_ament_install'
[1.164s] Level 1:colcon.colcon_core.package_identification:_identify(.) by extensions ['colcon_pkg']
[1.164s] Level 1:colcon.colcon_core.package_identification:_identify(.) by extension 'colcon_pkg'
[1.164s] Level 1:colcon.colcon_core.package_identification:_identify(.) by extensions ['colcon_meta']
[1.164s] Level 1:colcon.colcon_core.package_identification:_identify(.) by extension 'colcon_meta'
[1.164s] Level 1:colcon.colcon_core.package_identification:_identify(.) by extensions ['ros']
[1.164s] Level 1:colcon.colcon_core.package_identification:_identify(.) by extension 'ros'
[1.172s] Level 1:colcon.colcon_core.package_identification:_identify(.) by extensions ['cmake', 'python']
[1.173s] Level 1:colcon.colcon_core.package_identification:_identify(.) by extension 'cmake'
[1.173s] Level 1:colcon.colcon_core.package_identification:_identify(.) by extension 'python'
[1.173s] Level 1:colcon.colcon_core.package_identification:_identify(.) by extensions ['python_setup_py']
[1.173s] Level 1:colcon.colcon_core.package_identification:_identify(.) by extension 'python_setup_py'
[1.173s] Level 1:colcon.colcon_core.package_identification:_identify(build) by extensions ['ignore', 'ignore_ament_install']
[1.173s] Level 1:colcon.colcon_core.package_identification:_identify(build) by extension 'ignore'
[1.173s] Level 1:colcon.colcon_core.package_identification:_identify(build) ignored
[1.173s] Level 1:colcon.colcon_core.package_identification:_identify(install) by extensions ['ignore', 'ignore_ament_install']
[1.173s] Level 1:colcon.colcon_core.package_identification:_identify(install) by extension 'ignore'
[1.173s] Level 1:colcon.colcon_core.package_identification:_identify(install) ignored
[1.173s] Level 1:colcon.colcon_core.package_identification:_identify(log) by extensions ['ignore', 'ignore_ament_install']
[1.173s] Level 1:colcon.colcon_core.package_identification:_identify(log) by extension 'ignore'
[1.173s] Level 1:colcon.colcon_core.package_identification:_identify(log) ignored
[1.173s] Level 1:colcon.colcon_core.package_identification:_identify(src) by extensions ['ignore', 'ignore_ament_install']
[1.174s] Level 1:colcon.colcon_core.package_identification:_identify(src) by extension 'ignore'
[1.174s] Level 1:colcon.colcon_core.package_identification:_identify(src) by extension 'ignore_ament_install'
[1.174s] Level 1:colcon.colcon_core.package_identification:_identify(src) by extensions ['colcon_pkg']
[1.174s] Level 1:colcon.colcon_core.package_identification:_identify(src) by extension 'colcon_pkg'
[1.174s] Level 1:colcon.colcon_core.package_identification:_identify(src) by extensions ['colcon_meta']
[1.174s] Level 1:colcon.colcon_core.package_identification:_identify(src) by extension 'colcon_meta'
[1.174s] Level 1:colcon.colcon_core.package_identification:_identify(src) by extensions ['ros']
[1.174s] Level 1:colcon.colcon_core.package_identification:_identify(src) by extension 'ros'
[1.174s] Level 1:colcon.colcon_core.package_identification:_identify(src) by extensions ['cmake', 'python']
[1.174s] Level 1:colcon.colcon_core.package_identification:_identify(src) by extension 'cmake'
[1.174s] Level 1:colcon.colcon_core.package_identification:_identify(src) by extension 'python'
[1.174s] Level 1:colcon.colcon_core.package_identification:_identify(src) by extensions ['python_setup_py']
[1.174s] Level 1:colcon.colcon_core.package_identification:_identify(src) by extension 'python_setup_py'
[1.174s] Level 1:colcon.colcon_core.package_identification:_identify(src/ddsm115_controller) by extensions ['ignore', 'ignore_ament_install']
[1.174s] Level 1:colcon.colcon_core.package_identification:_identify(src/ddsm115_controller) by extension 'ignore'
[1.174s] Level 1:colcon.colcon_core.package_identification:_identify(src/ddsm115_controller) by extension 'ignore_ament_install'
[1.174s] Level 1:colcon.colcon_core.package_identification:_identify(src/ddsm115_controller) by extensions ['colcon_pkg']
[1.174s] Level 1:colcon.colcon_core.package_identification:_identify(src/ddsm115_controller) by extension 'colcon_pkg'
[1.174s] Level 1:colcon.colcon_core.package_identification:_identify(src/ddsm115_controller) by extensions ['colcon_meta']
[1.174s] Level 1:colcon.colcon_core.package_identification:_identify(src/ddsm115_controller) by extension 'colcon_meta'
[1.174s] Level 1:colcon.colcon_core.package_identification:_identify(src/ddsm115_controller) by extensions ['ros']
[1.174s] Level 1:colcon.colcon_core.package_identification:_identify(src/ddsm115_controller) by extension 'ros'
[1.177s] DEBUG:colcon.colcon_core.package_identification:Package 'src/ddsm115_controller' with type 'ros.ament_python' and name 'ddsm115_controller'
[1.177s] Level 1:colcon.colcon_core.package_identification:_identify(src/pose_landmarks_pkg) by extensions ['ignore', 'ignore_ament_install']
[1.177s] Level 1:colcon.colcon_core.package_identification:_identify(src/pose_landmarks_pkg) by extension 'ignore'
[1.177s] Level 1:colcon.colcon_core.package_identification:_identify(src/pose_landmarks_pkg) by extension 'ignore_ament_install'
[1.177s] Level 1:colcon.colcon_core.package_identification:_identify(src/pose_landmarks_pkg) by extensions ['colcon_pkg']
[1.177s] Level 1:colcon.colcon_core.package_identification:_identify(src/pose_landmarks_pkg) by extension 'colcon_pkg'
[1.177s] Level 1:colcon.colcon_core.package_identification:_identify(src/pose_landmarks_pkg) by extensions ['colcon_meta']
[1.177s] Level 1:colcon.colcon_core.package_identification:_identify(src/pose_landmarks_pkg) by extension 'colcon_meta'
[1.178s] Level 1:colcon.colcon_core.package_identification:_identify(src/pose_landmarks_pkg) by extensions ['ros']
[1.178s] Level 1:colcon.colcon_core.package_identification:_identify(src/pose_landmarks_pkg) by extension 'ros'
[1.178s] DEBUG:colcon.colcon_core.package_identification:Package 'src/pose_landmarks_pkg' with type 'ros.ament_python' and name 'pose_landmarks_pkg'
[1.178s] Level 1:colcon.colcon_core.package_discovery:discover_packages(recursive) using defaults
[1.179s] Level 1:colcon.colcon_core.package_discovery:discover_packages(ignore) discover
[1.179s] Level 1:colcon.colcon_core.package_discovery:discover_packages(ignore) using defaults
[1.179s] Level 1:colcon.colcon_core.package_discovery:discover_packages(path) discover
[1.179s] Level 1:colcon.colcon_core.package_discovery:discover_packages(path) using defaults
[1.258s] INFO:colcon.colcon_core.package_selection:Skipping not selected package 'ddsm115_controller' in 'src/ddsm115_controller'
[1.294s] Level 1:colcon.colcon_core.package_discovery:discover_packages(prefix_path) check parameters
[1.294s] Level 1:colcon.colcon_core.package_discovery:discover_packages(prefix_path) discover
[1.313s] WARNING:colcon.colcon_ros.prefix_path.ament:The path '/home/marta/Documents/4º/practicas/ros2_ws/install/pose_landmarks_pkg' in the environment variable AMENT_PREFIX_PATH doesn't exist
[1.340s] DEBUG:colcon.colcon_installed_package_information.package_discovery:Found 1 installed packages in /home/marta/Documents/4º/practicas/ros2_ws/install
[1.360s] DEBUG:colcon.colcon_installed_package_information.package_discovery:Found 2 installed packages in /home/marta/ros2_ws/install
[1.379s] DEBUG:colcon.colcon_installed_package_information.package_discovery:Found 423 installed packages in /opt/ros/humble
[1.381s] Level 1:colcon.colcon_core.package_discovery:discover_packages(prefix_path) using defaults
[1.489s] Level 5:colcon.colcon_core.verb:set package 'pose_landmarks_pkg' build argument 'cmake_args' from command line to 'None'
[1.489s] Level 5:colcon.colcon_core.verb:set package 'pose_landmarks_pkg' build argument 'cmake_target' from command line to 'None'
[1.489s] Level 5:colcon.colcon_core.verb:set package 'pose_landmarks_pkg' build argument 'cmake_target_skip_unavailable' from command line to 'False'
[1.489s] Level 5:colcon.colcon_core.verb:set package 'pose_landmarks_pkg' build argument 'cmake_clean_cache' from command line to 'False'
[1.489s] Level 5:colcon.colcon_core.verb:set package 'pose_landmarks_pkg' build argument 'cmake_clean_first' from command line to 'False'
[1.489s] Level 5:colcon.colcon_core.verb:set package 'pose_landmarks_pkg' build argument 'cmake_force_configure' from command line to 'False'
[1.489s] Level 5:colcon.colcon_core.verb:set package 'pose_landmarks_pkg' build argument 'ament_cmake_args' from command line to 'None'
[1.489s] Level 5:colcon.colcon_core.verb:set package 'pose_landmarks_pkg' build argument 'catkin_cmake_args' from command line to 'None'
[1.489s] Level 5:colcon.colcon_core.verb:set package 'pose_landmarks_pkg' build argument 'catkin_skip_building_tests' from command line to 'False'
[1.489s] DEBUG:colcon.colcon_core.verb:Building package 'pose_landmarks_pkg' with the following arguments: {'ament_cmake_args': None, 'build_base': '/home/marta/Documents/4º/practicas/ros2_ws/build/pose_landmarks_pkg', 'catkin_cmake_args': None, 'catkin_skip_building_tests': False, 'cmake_args': None, 'cmake_clean_cache': False, 'cmake_clean_first': False, 'cmake_force_configure': False, 'cmake_target': None, 'cmake_target_skip_unavailable': False, 'install_base': '/home/marta/Documents/4º/practicas/ros2_ws/install/pose_landmarks_pkg', 'merge_install': False, 'path': '/home/marta/Documents/4º/practicas/ros2_ws/src/pose_landmarks_pkg', 'symlink_install': True, 'test_result_base': None}
[1.508s] INFO:colcon.colcon_core.executor:Executing jobs using 'parallel' executor
[1.527s] DEBUG:colcon.colcon_parallel_executor.executor.parallel:run_until_complete
[1.528s] INFO:colcon.colcon_ros.task.ament_python.build:Building ROS package in '/home/marta/Documents/4º/practicas/ros2_ws/src/pose_landmarks_pkg' with build type 'ament_python'
[1.528s] Level 1:colcon.colcon_core.shell:create_environment_hook('pose_landmarks_pkg', 'ament_prefix_path')
[1.549s] INFO:colcon.colcon_core.plugin_system:Skipping extension 'colcon_core.shell.bat': Not used on non-Windows systems
[1.549s] INFO:colcon.colcon_core.shell:Creating environment hook '/home/marta/Documents/4º/practicas/ros2_ws/install/pose_landmarks_pkg/share/pose_landmarks_pkg/hook/ament_prefix_path.ps1'
[1.549s] INFO:colcon.colcon_core.shell:Creating environment descriptor '/home/marta/Documents/4º/practicas/ros2_ws/install/pose_landmarks_pkg/share/pose_landmarks_pkg/hook/ament_prefix_path.dsv'
[1.550s] INFO:colcon.colcon_core.shell:Creating environment hook '/home/marta/Documents/4º/practicas/ros2_ws/install/pose_landmarks_pkg/share/pose_landmarks_pkg/hook/ament_prefix_path.sh'
[1.570s] INFO:colcon.colcon_core.shell:Skip shell extension 'powershell' for command environment: Not usable outside of PowerShell
[1.570s] DEBUG:colcon.colcon_core.shell:Skip shell extension 'dsv' for command environment
[1.906s] INFO:colcon.colcon_core.task.python.build:Building Python package in '/home/marta/Documents/4º/practicas/ros2_ws/src/pose_landmarks_pkg'
[1.923s] INFO:colcon.colcon_core.shell:Skip shell extension 'powershell' for command environment: Not usable outside of PowerShell
[1.923s] DEBUG:colcon.colcon_core.shell:Skip shell extension 'dsv' for command environment
[2.315s] DEBUG:colcon.colcon_core.event_handler.log_command:Invoking command in '/home/marta/Documents/4º/practicas/ros2_ws/build/pose_landmarks_pkg': CONDA_PROMPT_MODIFIER=(openmmlab) PYTHONPATH=/home/marta/Documents/4º/practicas/ros2_ws/build/pose_landmarks_pkg/prefix_override:/home/marta/Documents/4º/practicas/ros2_ws/install/pose_landmarks_pkg/lib/python3.10/site-packages:${PYTHONPATH} /usr/bin/python3 setup.py develop --editable --build-directory /home/marta/Documents/4º/practicas/ros2_ws/build/pose_landmarks_pkg/build --no-deps install_data
[2.817s] Level 1:colcon.colcon_core.shell:create_environment_hook('pose_landmarks_pkg', 'pythonpath_develop')
[2.817s] DEBUG:colcon.colcon_core.event_handler.log_command:Invoked command in '/home/marta/Documents/4º/practicas/ros2_ws/build/pose_landmarks_pkg' returned '0': CONDA_PROMPT_MODIFIER=(openmmlab) PYTHONPATH=/home/marta/Documents/4º/practicas/ros2_ws/build/pose_landmarks_pkg/prefix_override:/home/marta/Documents/4º/practicas/ros2_ws/install/pose_landmarks_pkg/lib/python3.10/site-packages:${PYTHONPATH} /usr/bin/python3 setup.py develop --editable --build-directory /home/marta/Documents/4º/practicas/ros2_ws/build/pose_landmarks_pkg/build --no-deps install_data
[2.836s] INFO:colcon.colcon_core.shell:Creating environment hook '/home/marta/Documents/4º/practicas/ros2_ws/build/pose_landmarks_pkg/share/pose_landmarks_pkg/hook/pythonpath_develop.ps1'
[2.836s] INFO:colcon.colcon_core.shell:Creating environment descriptor '/home/marta/Documents/4º/practicas/ros2_ws/build/pose_landmarks_pkg/share/pose_landmarks_pkg/hook/pythonpath_develop.dsv'
[2.836s] INFO:colcon.colcon_core.shell:Creating environment hook '/home/marta/Documents/4º/practicas/ros2_ws/build/pose_landmarks_pkg/share/pose_landmarks_pkg/hook/pythonpath_develop.sh'
[2.857s] Level 1:colcon.colcon_core.environment:checking '/home/marta/Documents/4º/practicas/ros2_ws/install/pose_landmarks_pkg' for CMake module files
[2.857s] Level 1:colcon.colcon_core.environment:checking '/home/marta/Documents/4º/practicas/ros2_ws/install/pose_landmarks_pkg' for CMake config files
[2.858s] Level 1:colcon.colcon_core.environment:checking '/home/marta/Documents/4º/practicas/ros2_ws/install/pose_landmarks_pkg/lib'
[2.858s] Level 1:colcon.colcon_core.environment:checking '/home/marta/Documents/4º/practicas/ros2_ws/install/pose_landmarks_pkg/bin'
[2.858s] Level 1:colcon.colcon_core.environment:checking '/home/marta/Documents/4º/practicas/ros2_ws/install/pose_landmarks_pkg/lib/pkgconfig/pose_landmarks_pkg.pc'
[2.858s] Level 1:colcon.colcon_core.environment:checking '/home/marta/Documents/4º/practicas/ros2_ws/install/pose_landmarks_pkg/lib/python3.10/site-packages'
[2.858s] Level 1:colcon.colcon_core.shell:create_environment_hook('pose_landmarks_pkg', 'pythonpath')
[2.878s] INFO:colcon.colcon_core.shell:Creating environment hook '/home/marta/Documents/4º/practicas/ros2_ws/install/pose_landmarks_pkg/share/pose_landmarks_pkg/hook/pythonpath.ps1'
[2.878s] INFO:colcon.colcon_core.shell:Creating environment descriptor '/home/marta/Documents/4º/practicas/ros2_ws/install/pose_landmarks_pkg/share/pose_landmarks_pkg/hook/pythonpath.dsv'
[2.878s] INFO:colcon.colcon_core.shell:Creating environment hook '/home/marta/Documents/4º/practicas/ros2_ws/install/pose_landmarks_pkg/share/pose_landmarks_pkg/hook/pythonpath.sh'
[2.879s] Level 1:colcon.colcon_core.environment:checking '/home/marta/Documents/4º/practicas/ros2_ws/install/pose_landmarks_pkg/bin'
[2.879s] Level 1:colcon.colcon_core.environment:create_environment_scripts_only(pose_landmarks_pkg)
[2.899s] INFO:colcon.colcon_core.shell:Creating package script '/home/marta/Documents/4º/practicas/ros2_ws/install/pose_landmarks_pkg/share/pose_landmarks_pkg/package.ps1'
[2.900s] INFO:colcon.colcon_core.shell:Creating package descriptor '/home/marta/Documents/4º/practicas/ros2_ws/install/pose_landmarks_pkg/share/pose_landmarks_pkg/package.dsv'
[2.900s] INFO:colcon.colcon_core.shell:Creating package script '/home/marta/Documents/4º/practicas/ros2_ws/install/pose_landmarks_pkg/share/pose_landmarks_pkg/package.sh'
[2.901s] INFO:colcon.colcon_core.shell:Creating package script '/home/marta/Documents/4º/practicas/ros2_ws/install/pose_landmarks_pkg/share/pose_landmarks_pkg/package.bash'
[2.901s] INFO:colcon.colcon_core.shell:Creating package script '/home/marta/Documents/4º/practicas/ros2_ws/install/pose_landmarks_pkg/share/pose_landmarks_pkg/package.zsh'
[2.902s] Level 1:colcon.colcon_core.environment:create_file_with_runtime_dependencies(/home/marta/Documents/4º/practicas/ros2_ws/install/pose_landmarks_pkg/share/colcon-core/packages/pose_landmarks_pkg)
[2.902s] DEBUG:colcon.colcon_parallel_executor.executor.parallel:closing loop
[2.903s] DEBUG:colcon.colcon_parallel_executor.executor.parallel:loop closed
[2.903s] DEBUG:colcon.colcon_parallel_executor.executor.parallel:run_until_complete finished with '0'
[2.903s] DEBUG:colcon.colcon_core.event_reactor:joining thread
[2.927s] INFO:colcon.colcon_core.plugin_system:Skipping extension 'colcon_notification.desktop_notification.terminal_notifier': Not used on non-Darwin systems
[2.927s] INFO:colcon.colcon_core.plugin_system:Skipping extension 'colcon_notification.desktop_notification.win32': Not used on non-Windows systems
[2.927s] INFO:colcon.colcon_notification.desktop_notification:Sending desktop notification using 'notify2'
[2.938s] DEBUG:colcon.colcon_core.event_reactor:joined thread
[2.957s] INFO:colcon.colcon_core.shell:Creating prefix script '/home/marta/Documents/4º/practicas/ros2_ws/install/local_setup.ps1'
[2.958s] INFO:colcon.colcon_core.shell:Creating prefix util module '/home/marta/Documents/4º/practicas/ros2_ws/install/_local_setup_util_ps1.py'
[2.960s] INFO:colcon.colcon_core.shell:Creating prefix chain script '/home/marta/Documents/4º/practicas/ros2_ws/install/setup.ps1'
[2.982s] INFO:colcon.colcon_core.shell:Creating prefix script '/home/marta/Documents/4º/practicas/ros2_ws/install/local_setup.sh'
[2.983s] INFO:colcon.colcon_core.shell:Creating prefix util module '/home/marta/Documents/4º/practicas/ros2_ws/install/_local_setup_util_sh.py'
[2.983s] INFO:colcon.colcon_core.shell:Creating prefix chain script '/home/marta/Documents/4º/practicas/ros2_ws/install/setup.sh'
[3.004s] INFO:colcon.colcon_core.shell:Creating prefix script '/home/marta/Documents/4º/practicas/ros2_ws/install/local_setup.bash'
[3.004s] INFO:colcon.colcon_core.shell:Creating prefix chain script '/home/marta/Documents/4º/practicas/ros2_ws/install/setup.bash'
[3.025s] INFO:colcon.colcon_core.shell:Creating prefix script '/home/marta/Documents/4º/practicas/ros2_ws/install/local_setup.zsh'
[3.026s] INFO:colcon.colcon_core.shell:Creating prefix chain script '/home/marta/Documents/4º/practicas/ros2_ws/install/setup.zsh'
